2026-03-05 22:14:13,193 [INFO] django.utils.autoreload: Watching for file changes with StatReloader
2026-03-05 22:16:56,290 [INFO] django.utils.autoreload: C:\Users\Acer\Projects\web\usg_web\backend\config\settings\base.py changed, reloading.
2026-03-05 22:16:57,027 [INFO] django.utils.autoreload: Watching for file changes with StatReloader
2026-03-05 22:17:09,138 [INFO] django.utils.autoreload: C:\Users\Acer\Projects\web\usg_web\backend\config\settings\base.py changed, reloading.
2026-03-05 22:17:09,923 [INFO] django.utils.autoreload: Watching for file changes with StatReloader
2026-03-05 22:18:00,024 [INFO] django.utils.autoreload: C:\Users\Acer\Projects\web\usg_web\backend\config\settings\base.py changed, reloading.
2026-03-05 22:18:01,011 [INFO] django.utils.autoreload: Watching for file changes with StatReloader
2026-03-05 22:20:36,650 [INFO] django.utils.autoreload: Watching for file changes with StatReloader
2026-03-05 23:22:16,210 [WARNING] django.request: Unauthorized: /api/officer/dashboard/
2026-03-05 23:41:52,031 [INFO] django.utils.autoreload: Watching for file changes with StatReloader
2026-03-06 14:21:01,142 [INFO] django.utils.autoreload: Watching for file changes with StatReloader
2026-03-06 15:59:48,186 [INFO] django.utils.autoreload: Watching for file changes with StatReloader
2026-03-06 16:00:04,280 [ERROR] django.request: Internal Server Error: /api/token/
Traceback (most recent call last):
  File "C:\Users\Acer\Projects\web\usg_web\backend\venv\Lib\site-packages\django\db\backends\utils.py", line 105, in _execute
    return self.cursor.execute(sql, params)
           ~~~~~~~~~~~~~~~~~~~^^^^^^^^^^^^^
psycopg2.errors.UndefinedTable: relation "accounts_user" does not exist
LINE 1: ...."verified_at", "accounts_user"."created_at" FROM "accounts_...
                                                             ^


The above exception was the direct cause of the following exception:

Traceback (most recent call last):
  File "C:\Users\Acer\Projects\web\usg_web\backend\venv\Lib\site-packages\django\core\handlers\exception.py", line 55, in inner
    response = get_response(request)
  File "C:\Users\Acer\Projects\web\usg_web\backend\venv\Lib\site-packages\django\core\handlers\base.py", line 198, in _get_response
    response = wrapped_callback(request, *callback_args, **callback_kwargs)
  File "C:\Users\Acer\Projects\web\usg_web\backend\venv\Lib\site-packages\django\views\decorators\csrf.py", line 65, in _view_wrapper
    return view_func(request, *args, **kwargs)
  File "C:\Users\Acer\Projects\web\usg_web\backend\venv\Lib\site-packages\django\views\generic\base.py", line 106, in view
    return self.dispatch(request, *args, **kwargs)
           ~~~~~~~~~~~~~^^^^^^^^^^^^^^^^^^^^^^^^^^
  File "C:\Users\Acer\Projects\web\usg_web\backend\venv\Lib\site-packages\rest_framework\views.py", line 515, in dispatch
    response = self.handle_exception(exc)
  File "C:\Users\Acer\Projects\web\usg_web\backend\venv\Lib\site-packages\rest_framework\views.py", line 475, in handle_exception
    self.raise_uncaught_exception(exc)
    ~~~~~~~~~~~~~~~~~~~~~~~~~~~~~^^^^^
  File "C:\Users\Acer\Projects\web\usg_web\backend\venv\Lib\site-packages\rest_framework\views.py", line 486, in raise_uncaught_exception
    raise exc
  File "C:\Users\Acer\Projects\web\usg_web\backend\venv\Lib\site-packages\rest_framework\views.py", line 512, in dispatch
    response = handler(request, *args, **kwargs)
  File "C:\Users\Acer\Projects\web\usg_web\backend\venv\Lib\site-packages\rest_framework_simplejwt\views.py", line 46, in post
    serializer.is_valid(raise_exception=True)
    ~~~~~~~~~~~~~~~~~~~^^^^^^^^^^^^^^^^^^^^^^
  File "C:\Users\Acer\Projects\web\usg_web\backend\venv\Lib\site-packages\rest_framework\serializers.py", line 225, in is_valid
    self._validated_data = self.run_validation(self.initial_data)
                           ~~~~~~~~~~~~~~~~~~~^^^^^^^^^^^^^^^^^^^
  File "C:\Users\Acer\Projects\web\usg_web\backend\venv\Lib\site-packages\rest_framework\serializers.py", line 447, in run_validation
    value = self.validate(value)
  File "C:\Users\Acer\Projects\web\usg_web\backend\venv\Lib\site-packages\rest_framework_simplejwt\serializers.py", line 73, in validate
    data = super().validate(attrs)
  File "C:\Users\Acer\Projects\web\usg_web\backend\venv\Lib\site-packages\rest_framework_simplejwt\serializers.py", line 54, in validate
    self.user = authenticate(**authenticate_kwargs)
                ~~~~~~~~~~~~^^^^^^^^^^^^^^^^^^^^^^^
  File "C:\Users\Acer\Projects\web\usg_web\backend\venv\Lib\site-packages\django\views\decorators\debug.py", line 75, in sensitive_variables_wrapper
    return func(*func_args, **func_kwargs)
  File "C:\Users\Acer\Projects\web\usg_web\backend\venv\Lib\site-packages\django\contrib\auth\__init__.py", line 114, in authenticate
    user = backend.authenticate(request, **credentials)
  File "C:\Users\Acer\Projects\web\usg_web\backend\venv\Lib\site-packages\django\contrib\auth\backends.py", line 65, in authenticate
    user = UserModel._default_manager.get_by_natural_key(username)
  File "C:\Users\Acer\Projects\web\usg_web\backend\venv\Lib\site-packages\django\contrib\auth\base_user.py", line 37, in get_by_natural_key
    return self.get(**{self.model.USERNAME_FIELD: username})
           ~~~~~~~~^^^^^^^^^^^^^^^^^^^^^^^^^^^^^^^^^^^^^^^^^
  File "C:\Users\Acer\Projects\web\usg_web\backend\venv\Lib\site-packages\django\db\models\manager.py", line 87, in manager_method
    return getattr(self.get_queryset(), name)(*args, **kwargs)
           ~~~~~~~~~~~~~~~~~~~~~~~~~~~~~~~~~~^^^^^^^^^^^^^^^^^
  File "C:\Users\Acer\Projects\web\usg_web\backend\venv\Lib\site-packages\django\db\models\query.py", line 635, in get
    num = len(clone)
  File "C:\Users\Acer\Projects\web\usg_web\backend\venv\Lib\site-packages\django\db\models\query.py", line 372, in __len__
    self._fetch_all()
    ~~~~~~~~~~~~~~~^^
  File "C:\Users\Acer\Projects\web\usg_web\backend\venv\Lib\site-packages\django\db\models\query.py", line 2000, in _fetch_all
    self._result_cache = list(self._iterable_class(self))
                         ~~~~^^^^^^^^^^^^^^^^^^^^^^^^^^^^
  File "C:\Users\Acer\Projects\web\usg_web\backend\venv\Lib\site-packages\django\db\models\query.py", line 95, in __iter__
    results = compiler.execute_sql(
        chunked_fetch=self.chunked_fetch, chunk_size=self.chunk_size
    )
  File "C:\Users\Acer\Projects\web\usg_web\backend\venv\Lib\site-packages\django\db\models\sql\compiler.py", line 1624, in execute_sql
    cursor.execute(sql, params)
    ~~~~~~~~~~~~~~^^^^^^^^^^^^^
  File "C:\Users\Acer\Projects\web\usg_web\backend\venv\Lib\site-packages\django\db\backends\utils.py", line 122, in execute
    return super().execute(sql, params)
           ~~~~~~~~~~~~~~~^^^^^^^^^^^^^
  File "C:\Users\Acer\Projects\web\usg_web\backend\venv\Lib\site-packages\django\db\backends\utils.py", line 79, in execute
    return self._execute_with_wrappers(
           ~~~~~~~~~~~~~~~~~~~~~~~~~~~^
        sql, params, many=False, executor=self._execute
        ^^^^^^^^^^^^^^^^^^^^^^^^^^^^^^^^^^^^^^^^^^^^^^^
    )
    ^
  File "C:\Users\Acer\Projects\web\usg_web\backend\venv\Lib\site-packages\django\db\backends\utils.py", line 92, in _execute_with_wrappers
    return executor(sql, params, many, context)
  File "C:\Users\Acer\Projects\web\usg_web\backend\venv\Lib\site-packages\django\db\backends\utils.py", line 100, in _execute
    with self.db.wrap_database_errors:
         ^^^^^^^^^^^^^^^^^^^^^^^^^^^^
  File "C:\Users\Acer\Projects\web\usg_web\backend\venv\Lib\site-packages\django\db\utils.py", line 94, in __exit__
    raise dj_exc_value.with_traceback(traceback) from exc_value
  File "C:\Users\Acer\Projects\web\usg_web\backend\venv\Lib\site-packages\django\db\backends\utils.py", line 105, in _execute
    return self.cursor.execute(sql, params)
           ~~~~~~~~~~~~~~~~~~~^^^^^^^^^^^^^
django.db.utils.ProgrammingError: relation "accounts_user" does not exist
LINE 1: ...."verified_at", "accounts_user"."created_at" FROM "accounts_...
                                                             ^

2026-03-06 19:47:50,222 [INFO] django.utils.autoreload: Watching for file changes with StatReloader
2026-03-06 19:48:08,987 [ERROR] django.request: Internal Server Error: /api/token/
Traceback (most recent call last):
  File "C:\Users\Acer\Projects\web\usg_web\backend\venv\Lib\site-packages\django\db\backends\utils.py", line 105, in _execute
    return self.cursor.execute(sql, params)
           ~~~~~~~~~~~~~~~~~~~^^^^^^^^^^^^^
psycopg2.errors.UndefinedTable: relation "accounts_user" does not exist
LINE 1: ...."verified_at", "accounts_user"."created_at" FROM "accounts_...
                                                             ^


The above exception was the direct cause of the following exception:

Traceback (most recent call last):
  File "C:\Users\Acer\Projects\web\usg_web\backend\venv\Lib\site-packages\django\core\handlers\exception.py", line 55, in inner
    response = get_response(request)
  File "C:\Users\Acer\Projects\web\usg_web\backend\venv\Lib\site-packages\django\core\handlers\base.py", line 198, in _get_response
    response = wrapped_callback(request, *callback_args, **callback_kwargs)
  File "C:\Users\Acer\Projects\web\usg_web\backend\venv\Lib\site-packages\django\views\decorators\csrf.py", line 65, in _view_wrapper
    return view_func(request, *args, **kwargs)
  File "C:\Users\Acer\Projects\web\usg_web\backend\venv\Lib\site-packages\django\views\generic\base.py", line 106, in view
    return self.dispatch(request, *args, **kwargs)
           ~~~~~~~~~~~~~^^^^^^^^^^^^^^^^^^^^^^^^^^
  File "C:\Users\Acer\Projects\web\usg_web\backend\venv\Lib\site-packages\rest_framework\views.py", line 515, in dispatch
    response = self.handle_exception(exc)
  File "C:\Users\Acer\Projects\web\usg_web\backend\venv\Lib\site-packages\rest_framework\views.py", line 475, in handle_exception
    self.raise_uncaught_exception(exc)
    ~~~~~~~~~~~~~~~~~~~~~~~~~~~~~^^^^^
  File "C:\Users\Acer\Projects\web\usg_web\backend\venv\Lib\site-packages\rest_framework\views.py", line 486, in raise_uncaught_exception
    raise exc
  File "C:\Users\Acer\Projects\web\usg_web\backend\venv\Lib\site-packages\rest_framework\views.py", line 512, in dispatch
    response = handler(request, *args, **kwargs)
  File "C:\Users\Acer\Projects\web\usg_web\backend\venv\Lib\site-packages\rest_framework_simplejwt\views.py", line 46, in post
    serializer.is_valid(raise_exception=True)
    ~~~~~~~~~~~~~~~~~~~^^^^^^^^^^^^^^^^^^^^^^
  File "C:\Users\Acer\Projects\web\usg_web\backend\venv\Lib\site-packages\rest_framework\serializers.py", line 225, in is_valid
    self._validated_data = self.run_validation(self.initial_data)
                           ~~~~~~~~~~~~~~~~~~~^^^^^^^^^^^^^^^^^^^
  File "C:\Users\Acer\Projects\web\usg_web\backend\venv\Lib\site-packages\rest_framework\serializers.py", line 447, in run_validation
    value = self.validate(value)
  File "C:\Users\Acer\Projects\web\usg_web\backend\venv\Lib\site-packages\rest_framework_simplejwt\serializers.py", line 73, in validate
    data = super().validate(attrs)
  File "C:\Users\Acer\Projects\web\usg_web\backend\venv\Lib\site-packages\rest_framework_simplejwt\serializers.py", line 54, in validate
    self.user = authenticate(**authenticate_kwargs)
                ~~~~~~~~~~~~^^^^^^^^^^^^^^^^^^^^^^^
  File "C:\Users\Acer\Projects\web\usg_web\backend\venv\Lib\site-packages\django\views\decorators\debug.py", line 75, in sensitive_variables_wrapper
    return func(*func_args, **func_kwargs)
  File "C:\Users\Acer\Projects\web\usg_web\backend\venv\Lib\site-packages\django\contrib\auth\__init__.py", line 114, in authenticate
    user = backend.authenticate(request, **credentials)
  File "C:\Users\Acer\Projects\web\usg_web\backend\venv\Lib\site-packages\django\contrib\auth\backends.py", line 65, in authenticate
    user = UserModel._default_manager.get_by_natural_key(username)
  File "C:\Users\Acer\Projects\web\usg_web\backend\venv\Lib\site-packages\django\contrib\auth\base_user.py", line 37, in get_by_natural_key
    return self.get(**{self.model.USERNAME_FIELD: username})
           ~~~~~~~~^^^^^^^^^^^^^^^^^^^^^^^^^^^^^^^^^^^^^^^^^
  File "C:\Users\Acer\Projects\web\usg_web\backend\venv\Lib\site-packages\django\db\models\manager.py", line 87, in manager_method
    return getattr(self.get_queryset(), name)(*args, **kwargs)
           ~~~~~~~~~~~~~~~~~~~~~~~~~~~~~~~~~~^^^^^^^^^^^^^^^^^
  File "C:\Users\Acer\Projects\web\usg_web\backend\venv\Lib\site-packages\django\db\models\query.py", line 635, in get
    num = len(clone)
  File "C:\Users\Acer\Projects\web\usg_web\backend\venv\Lib\site-packages\django\db\models\query.py", line 372, in __len__
    self._fetch_all()
    ~~~~~~~~~~~~~~~^^
  File "C:\Users\Acer\Projects\web\usg_web\backend\venv\Lib\site-packages\django\db\models\query.py", line 2000, in _fetch_all
    self._result_cache = list(self._iterable_class(self))
                         ~~~~^^^^^^^^^^^^^^^^^^^^^^^^^^^^
  File "C:\Users\Acer\Projects\web\usg_web\backend\venv\Lib\site-packages\django\db\models\query.py", line 95, in __iter__
    results = compiler.execute_sql(
        chunked_fetch=self.chunked_fetch, chunk_size=self.chunk_size
    )
  File "C:\Users\Acer\Projects\web\usg_web\backend\venv\Lib\site-packages\django\db\models\sql\compiler.py", line 1624, in execute_sql
    cursor.execute(sql, params)
    ~~~~~~~~~~~~~~^^^^^^^^^^^^^
  File "C:\Users\Acer\Projects\web\usg_web\backend\venv\Lib\site-packages\django\db\backends\utils.py", line 122, in execute
    return super().execute(sql, params)
           ~~~~~~~~~~~~~~~^^^^^^^^^^^^^
  File "C:\Users\Acer\Projects\web\usg_web\backend\venv\Lib\site-packages\django\db\backends\utils.py", line 79, in execute
    return self._execute_with_wrappers(
           ~~~~~~~~~~~~~~~~~~~~~~~~~~~^
        sql, params, many=False, executor=self._execute
        ^^^^^^^^^^^^^^^^^^^^^^^^^^^^^^^^^^^^^^^^^^^^^^^
    )
    ^
  File "C:\Users\Acer\Projects\web\usg_web\backend\venv\Lib\site-packages\django\db\backends\utils.py", line 92, in _execute_with_wrappers
    return executor(sql, params, many, context)
  File "C:\Users\Acer\Projects\web\usg_web\backend\venv\Lib\site-packages\django\db\backends\utils.py", line 100, in _execute
    with self.db.wrap_database_errors:
         ^^^^^^^^^^^^^^^^^^^^^^^^^^^^
  File "C:\Users\Acer\Projects\web\usg_web\backend\venv\Lib\site-packages\django\db\utils.py", line 94, in __exit__
    raise dj_exc_value.with_traceback(traceback) from exc_value
  File "C:\Users\Acer\Projects\web\usg_web\backend\venv\Lib\site-packages\django\db\backends\utils.py", line 105, in _execute
    return self.cursor.execute(sql, params)
           ~~~~~~~~~~~~~~~~~~~^^^^^^^^^^^^^
django.db.utils.ProgrammingError: relation "accounts_user" does not exist
LINE 1: ...."verified_at", "accounts_user"."created_at" FROM "accounts_...
                                                             ^

2026-03-06 19:51:04,839 [INFO] django.utils.autoreload: Watching for file changes with StatReloader
2026-03-06 19:51:06,674 [WARNING] django.request: Not Found: /
2026-03-06 19:51:06,722 [WARNING] django.request: Not Found: /favicon.ico
2026-03-06 20:03:08,268 [INFO] django.utils.autoreload: Watching for file changes with StatReloader
2026-03-06 20:33:47,586 [INFO] django.utils.autoreload: Watching for file changes with StatReloader
2026-03-06 22:39:17,138 [INFO] django.utils.autoreload: Watching for file changes with StatReloader
2026-03-07 22:00:56,918 [INFO] django.utils.autoreload: Watching for file changes with StatReloader
2026-03-10 20:50:01,348 [INFO] django.utils.autoreload: Watching for file changes with StatReloader
2026-03-10 21:38:20,439 [INFO] django.utils.autoreload: Watching for file changes with StatReloader
2026-03-11 11:11:40,500 [INFO] django.utils.autoreload: Watching for file changes with StatReloader
2026-03-12 16:37:53,156 [INFO] django.utils.autoreload: Watching for file changes with StatReloader
2026-03-13 19:59:29,204 [INFO] django.utils.autoreload: Watching for file changes with StatReloader
2026-03-13 20:09:11,004 [INFO] django.utils.autoreload: C:\Users\Acer\Projects\web\usg_web\backend\config\urls.py changed, reloading.
2026-03-13 20:09:12,036 [INFO] django.utils.autoreload: Watching for file changes with StatReloader
2026-03-13 20:09:30,960 [INFO] django.utils.autoreload: C:\Users\Acer\Projects\web\usg_web\backend\events\views.py changed, reloading.
2026-03-13 20:09:32,066 [INFO] django.utils.autoreload: Watching for file changes with StatReloader
2026-03-13 20:09:59,617 [INFO] django.utils.autoreload: C:\Users\Acer\Projects\web\usg_web\backend\events\models.py changed, reloading.
2026-03-13 20:10:00,765 [INFO] django.utils.autoreload: Watching for file changes with StatReloader
2026-03-13 20:10:30,237 [WARNING] django.request: Bad Request: /api/events/
2026-03-13 20:10:32,263 [WARNING] django.request: Forbidden: /api/events/
2026-03-13 20:36:00,211 [INFO] django.utils.autoreload: C:\Users\Acer\Projects\web\usg_web\backend\config\settings\base.py changed, reloading.
2026-03-13 20:36:01,053 [INFO] django.utils.autoreload: Watching for file changes with StatReloader
2026-03-13 20:37:00,819 [INFO] django.utils.autoreload: C:\Users\Acer\Projects\web\usg_web\backend\config\urls.py changed, reloading.
2026-03-13 20:37:02,091 [INFO] django.utils.autoreload: Watching for file changes with StatReloader
2026-03-13 20:37:17,307 [WARNING] django.request: Forbidden: /api/announcements/
2026-03-13 20:37:20,569 [WARNING] django.request: Bad Request: /api/events/
2026-03-13 20:37:22,598 [WARNING] django.request: Forbidden: /api/events/
2026-03-13 21:34:50,185 [WARNING] django.request: Forbidden: /api/announcements/
2026-03-13 21:34:52,239 [WARNING] django.request: Bad Request: /api/events/
2026-03-13 21:34:54,280 [WARNING] django.request: Forbidden: /api/events/
2026-03-14 12:56:55,526 [INFO] django.utils.autoreload: Watching for file changes with StatReloader
2026-03-14 12:58:21,234 [INFO] django.utils.autoreload: C:\Users\Acer\Projects\web\usg_web\backend\accounts\views.py changed, reloading.
2026-03-14 12:58:22,331 [INFO] django.utils.autoreload: Watching for file changes with StatReloader
2026-03-14 13:01:44,771 [INFO] django.utils.autoreload: C:\Users\Acer\Projects\web\usg_web\backend\accounts\views.py changed, reloading.
2026-03-14 13:01:45,671 [INFO] django.utils.autoreload: Watching for file changes with StatReloader
2026-03-14 13:02:58,533 [WARNING] django.request: Forbidden: /api/officer/dashboard/
2026-03-14 13:03:01,685 [WARNING] django.request: Forbidden: /api/announcements/
2026-03-14 13:03:03,746 [WARNING] django.request: Bad Request: /api/events/
2026-03-14 13:03:05,770 [WARNING] django.request: Forbidden: /api/events/
2026-03-14 13:06:57,255 [WARNING] django.request: Forbidden: /api/officer/dashboard/
2026-03-14 13:07:00,360 [WARNING] django.request: Forbidden: /api/announcements/
2026-03-14 13:07:02,421 [WARNING] django.request: Bad Request: /api/events/
2026-03-14 13:07:04,431 [WARNING] django.request: Forbidden: /api/events/
